<?xml version="1.0" encoding="UTF-8"?>
<testng-results ignored="0" total="0" passed="0" failed="0" skipped="0">
  <reporter-output>
  </reporter-output>
  <suite started-at="2023-02-25T12:33:28 IST" name="testCase.LoginTestCase" finished-at="2023-02-25T12:33:28 IST" duration-ms="8">
    <groups>
    </groups>
    <test started-at="2023-02-25T12:33:28 IST" name="Command line test" finished-at="2023-02-25T12:33:28 IST" duration-ms="8">
    </test> <!-- Command line test -->
  </suite> <!-- testCase.LoginTestCase -->
</testng-results>
