<?xml version="1.0" encoding="UTF-8"?>
<!-- Generated by org.testng.reporters.JUnitXMLReporter -->
<testsuite hostname="DESKTOP-QFEM0MH" ignored="0" name="Default test" tests="3" failures="0" timestamp="2023-02-25T19:40:24 IST" time="44.536" errors="0">
  <testcase name="logoutChromebrowser" time="14.309" classname="testCase.LogoutTestCase"/>
  <testcase name="logoutedgebrowser" time="13.705" classname="testCase.LogoutTestCase"/>
  <testcase name="logoutfirefoxbrowser" time="15.895" classname="testCase.LogoutTestCase"/>
</testsuite> <!-- Default test -->
