<?xml version="1.0" encoding="UTF-8"?>
<!-- Generated by org.testng.reporters.JUnitXMLReporter -->
<testsuite hostname="DESKTOP-QFEM0MH" ignored="0" name="Test" tests="25" failures="0" timestamp="2023-02-25T19:58:08 IST" time="260.026" errors="0">
  <testcase name="chromeLogin" time="9.764" classname="testCase.LoginWithInvalidTestCase"/>
  <testcase name="chromeLogin" time="7.88" classname="testCase.LoginWithInvalidTestCase"/>
  <testcase name="chromeLogin" time="8.732" classname="testCase.LoginWithInvalidTestCase"/>
  <testcase name="chromeLogin" time="7.357" classname="testCase.LoginWithInvalidTestCase"/>
  <testcase name="chromeLogin" time="7.18" classname="testCase.LoginWithInvalidTestCase"/>
  <testcase name="chromeLogin" time="6.893" classname="testCase.LoginWithInvalidTestCase"/>
  <testcase name="edgeLogin" time="9.753" classname="testCase.LoginWithInvalidTestCase"/>
  <testcase name="edgeLogin" time="8.864" classname="testCase.LoginWithInvalidTestCase"/>
  <testcase name="edgeLogin" time="10.027" classname="testCase.LoginWithInvalidTestCase"/>
  <testcase name="edgeLogin" time="9.14" classname="testCase.LoginWithInvalidTestCase"/>
  <testcase name="edgeLogin" time="9.486" classname="testCase.LoginWithInvalidTestCase"/>
  <testcase name="edgeLogin" time="8.315" classname="testCase.LoginWithInvalidTestCase"/>
  <testcase name="fireFoxLogin" time="11.383" classname="testCase.LoginWithInvalidTestCase"/>
  <testcase name="fireFoxLogin" time="11.22" classname="testCase.LoginWithInvalidTestCase"/>
  <testcase name="fireFoxLogin" time="13.05" classname="testCase.LoginWithInvalidTestCase"/>
  <testcase name="fireFoxLogin" time="11.992" classname="testCase.LoginWithInvalidTestCase"/>
  <testcase name="fireFoxLogin" time="11.065" classname="testCase.LoginWithInvalidTestCase"/>
  <testcase name="fireFoxLogin" time="11.835" classname="testCase.LoginWithInvalidTestCase"/>
  <testcase name="chromeLogin" time="7.612" classname="testCase.LoginWithValidTestCase"/>
  <testcase name="edgeLogin" time="9.195" classname="testCase.LoginWithValidTestCase"/>
  <testcase name="fireFoxLogin" time="11.83" classname="testCase.LoginWithValidTestCase"/>
  <testcase name="searchStudent" time="11.79" classname="testCase.SearchStudent"/>
  <testcase name="logoutChromebrowser" time="11.531" classname="testCase.LogoutTestCase"/>
  <testcase name="logoutedgebrowser" time="12.813" classname="testCase.LogoutTestCase"/>
  <testcase name="logoutfirefoxbrowser" time="16.381" classname="testCase.LogoutTestCase"/>
</testsuite> <!-- Test -->
